	Exporter version: 3.0.5, Blender version: 2.75 (sub 0)
========= Conversion from Blender to Babylon.js =========
	Python World class constructor completed
	processing begun of skeleton:  Armature, id:  0
	processing begun of bone:  Hip Leg_B_L, index:  0
	animation begun of bone:  Hip Leg_B_L
	processing begun of bone:  Upper Leg_B_L, index:  1
	animation begun of bone:  Upper Leg_B_L
	processing begun of bone:  Lower Leg_B_L, index:  2
	animation begun of bone:  Lower Leg_B_L
	processing begun of bone:  Hoof_B_L, index:  3
	animation begun of bone:  Hoof_B_L
	processing begun of bone:  C_Tail, index:  4
	animation begun of bone:  C_Tail
	processing begun of bone:  C_Hip, index:  5
	animation begun of bone:  C_Hip
	processing begun of bone:  C_Spine, index:  6
	animation begun of bone:  C_Spine
	processing begun of bone:  C_Breast, index:  7
	animation begun of bone:  C_Breast
	processing begun of bone:  C_Neck, index:  8
	animation begun of bone:  C_Neck
	processing begun of bone:  C_Head, index:  9
	animation begun of bone:  C_Head
	processing begun of bone:  Tail, index:  10
	animation begun of bone:  Tail
	processing begun of bone:  Hip, index:  11
	animation begun of bone:  Hip
	processing begun of bone:  Spine, index:  12
	animation begun of bone:  Spine
	processing begun of bone:  Breast, index:  13
	animation begun of bone:  Breast
	processing begun of bone:  Neck, index:  14
	animation begun of bone:  Neck
	processing begun of bone:  Head, index:  15
	animation begun of bone:  Head
	processing begun of bone:  C_Hip Leg_B_L, index:  16
	animation begun of bone:  C_Hip Leg_B_L
	processing begun of bone:  C_Upper Leg_B_L, index:  17
	animation begun of bone:  C_Upper Leg_B_L
	processing begun of bone:  C_Lower Leg_B_L, index:  18
	animation begun of bone:  C_Lower Leg_B_L
	processing begun of bone:  C_Hoof_B_L, index:  19
	animation begun of bone:  C_Hoof_B_L
	processing begun of bone:  C_Hip Leg_F_L, index:  20
	animation begun of bone:  C_Hip Leg_F_L
	processing begun of bone:  C_Upper Leg_F_L, index:  21
	animation begun of bone:  C_Upper Leg_F_L
	processing begun of bone:  C_Lower Leg_F_L, index:  22
	animation begun of bone:  C_Lower Leg_F_L
	processing begun of bone:  C_Hoof_F_L, index:  23
	animation begun of bone:  C_Hoof_F_L
	processing begun of bone:  Hip Leg_B_L.001, index:  24
	animation begun of bone:  Hip Leg_B_L.001
	processing begun of bone:  Upper Leg_F_L, index:  25
	animation begun of bone:  Upper Leg_F_L
	processing begun of bone:  Lower Leg_F_L, index:  26
	animation begun of bone:  Lower Leg_F_L
	processing begun of bone:  Hoof_F_L, index:  27
	animation begun of bone:  Hoof_F_L
	processing complete of skeleton:  Armature
	processing begun of mesh:  Horse
		processing begun of Standard material:  Material.001
		num positions      :  4026
		num normals        :  4026
		num uvs            :  8052
		num uvs2           :  0
		num colors         :  0
		num indices        :  4026
	processing begun of camera (FreeCamera):  Camera
	processing begun of light (POINT):  Lamp
========= Writing of scene file started =========
========= Writing of scene file completed =========
========= end of processing =========
elapsed time:  0 min, 0.997 secs
