	Exporter version: 3.0.5, Blender version: 2.75 (sub 0)
========= Conversion from Blender to Babylon.js =========
	Python World class constructor completed
	processing begun of skeleton:  Armature, id:  0
	processing begun of bone:  Spine0, index:  0
	animation begun of bone:  Spine0
	processing begun of bone:  Spine1, index:  1
	animation begun of bone:  Spine1
	processing begun of bone:  Spine2, index:  2
	animation begun of bone:  Spine2
	processing begun of bone:  Spine3, index:  3
	animation begun of bone:  Spine3
	processing begun of bone:  Neck, index:  4
	animation begun of bone:  Neck
	processing begun of bone:  Head, index:  5
	animation begun of bone:  Head
	processing begun of bone:  Shoulder.r, index:  6
	animation begun of bone:  Shoulder.r
	processing begun of bone:  UpperArm.r, index:  7
	animation begun of bone:  UpperArm.r
	processing begun of bone:  LowerArm.r, index:  8
	animation begun of bone:  LowerArm.r
	processing begun of bone:  Shoulder.l, index:  9
	animation begun of bone:  Shoulder.l
	processing begun of bone:  UpperArm.l, index:  10
	animation begun of bone:  UpperArm.l
	processing begun of bone:  LowerArm.l, index:  11
	animation begun of bone:  LowerArm.l
	processing begun of bone:  Pelvis.l, index:  12
	animation begun of bone:  Pelvis.l
	processing begun of bone:  UpperLeg.l, index:  13
	animation begun of bone:  UpperLeg.l
	processing begun of bone:  LowerLeg.l, index:  14
	animation begun of bone:  LowerLeg.l
	processing begun of bone:  Pelvis.r, index:  15
	animation begun of bone:  Pelvis.r
	processing begun of bone:  UpperLeg.r, index:  16
	animation begun of bone:  UpperLeg.r
	processing begun of bone:  Lowerleg.r, index:  17
	animation begun of bone:  Lowerleg.r
	processing complete of skeleton:  Armature
	processing begun of mesh:  Player
		processing begun of Standard material:  PlayerTexture
		Diffuse texture found
			Image texture found, type:  diffuseTexture, mapped using: "UVMap"
	Error encountered processing image file:  , Error:  'C:\\tfs\\flyer\\flyer\\Assets\\blender\\player_tex.png' and 'C:\\tfs\\flyer\\flyer\\Assets\\blender\\player_tex.png' are the same file
		WARNING: Maximum # of influencers exceeded for 635 vertices, extras ignored
		num positions      :  3876
		num normals        :  3876
		num uvs            :  7752
		num uvs2           :  0
		num colors         :  0
		num indices        :  3876
		num skeletonWeights:  15504
		num skeletonIndices:  15504
	WARNING: The following camera not visible in scene thus ignored: Camera
	WARNING: The following lamp not visible in scene thus ignored: Hemi
	WARNING: The following lamp not visible in scene thus ignored: Lamp
========= Writing of scene file started =========
========= Writing of scene file completed =========
========= end of processing =========
elapsed time:  0 min, 0.4687 secs
