	Exporter version: 3.0.5, Blender version: 2.75 (sub 0)
========= Conversion from Blender to Babylon.js =========
	Python World class constructor completed
	processing begun of mesh:  Sand
		processing begun of Standard material:  Material.002
		num positions      :  648
		num normals        :  648
		num uvs            :  0
		num uvs2           :  0
		num colors         :  0
		num indices        :  648
	processing begun of mesh:  Urcark
		processing begun of Standard material:  Material.001
		num positions      :  4044
		num normals        :  4044
		num uvs            :  0
		num uvs2           :  0
		num colors         :  0
		num indices        :  4044
	processing begun of camera (FreeCamera):  Camera
	processing begun of light (SUN):  Lamp
========= Writing of scene file started =========
========= Writing of scene file completed =========
========= end of processing =========
elapsed time:  0 min, 0.1377 secs
